0 info it worked if it ends with ok
1 verbose cli [ 'C:\\Program Files\\nodejs\\node.exe',
1 verbose cli   'C:\\Users\\Eric\\AppData\\Roaming\\npm\\node_modules\\npm\\bin\\npm-cli.js',
1 verbose cli   'run',
1 verbose cli   'test' ]
2 info using npm@3.10.9
3 info using node@v8.11.1
4 verbose run-script [ 'pretest', 'test', 'posttest' ]
5 info lifecycle react-starter@1.0.0~pretest: react-starter@1.0.0
6 silly lifecycle react-starter@1.0.0~pretest: no script for pretest, continuing
7 info lifecycle react-starter@1.0.0~test: react-starter@1.0.0
8 verbose lifecycle react-starter@1.0.0~test: unsafe-perm in lifecycle true
9 verbose lifecycle react-starter@1.0.0~test: PATH: C:\Users\Eric\AppData\Roaming\npm\node_modules\npm\bin\node-gyp-bin;E:\Documents\repos\learning-jest-enzyme\node_modules\.bin;C:\ProgramData\Oracle\Java\javapath;E:\Oracle\product\11.2.0\dbhome_1\bin;C:\Windows\system32;C:\Windows;C:\Windows\System32\Wbem;C:\Windows\System32\WindowsPowerShell\v1.0\;C:\Program Files (x86)\NVIDIA Corporation\PhysX\Common;C:\Program Files (x86)\Skype\Phone\;C:\Program Files\Git\cmd;C:\Program Files (x86)\Common Files\Adobe\AGL;C:\Program Files\nodejs\;C:\Users\Eric\AppData\Local\Programs\Python\Python35-32\Scripts\;C:\Users\Eric\AppData\Local\Programs\Python\Python35-32\;C:\Users\Eric\AppData\Local\atom\bin;C:\Users\Eric\AppData\Roaming\npm
10 verbose lifecycle react-starter@1.0.0~test: CWD: E:\Documents\repos\learning-jest-enzyme
11 silly lifecycle react-starter@1.0.0~test: Args: [ '/d /s /c', 'jest --watch' ]
12 silly lifecycle react-starter@1.0.0~test: Returned: code: 3221225786  signal: null
13 info lifecycle react-starter@1.0.0~test: Failed to exec test script
14 verbose stack Error: react-starter@1.0.0 test: `jest --watch`
14 verbose stack Exit status 3221225786
14 verbose stack     at EventEmitter.<anonymous> (C:\Users\Eric\AppData\Roaming\npm\node_modules\npm\lib\utils\lifecycle.js:255:16)
14 verbose stack     at emitTwo (events.js:126:13)
14 verbose stack     at EventEmitter.emit (events.js:214:7)
14 verbose stack     at ChildProcess.<anonymous> (C:\Users\Eric\AppData\Roaming\npm\node_modules\npm\lib\utils\spawn.js:40:14)
14 verbose stack     at emitTwo (events.js:126:13)
14 verbose stack     at ChildProcess.emit (events.js:214:7)
14 verbose stack     at maybeClose (internal/child_process.js:925:16)
14 verbose stack     at Process.ChildProcess._handle.onexit (internal/child_process.js:209:5)
15 verbose pkgid react-starter@1.0.0
16 verbose cwd E:\Documents\repos\learning-jest-enzyme
17 error Windows_NT 10.0.10240
18 error argv "C:\\Program Files\\nodejs\\node.exe" "C:\\Users\\Eric\\AppData\\Roaming\\npm\\node_modules\\npm\\bin\\npm-cli.js" "run" "test"
19 error node v8.11.1
20 error npm  v3.10.9
21 error code ELIFECYCLE
22 error react-starter@1.0.0 test: `jest --watch`
22 error Exit status 3221225786
23 error Failed at the react-starter@1.0.0 test script 'jest --watch'.
23 error Make sure you have the latest version of node.js and npm installed.
23 error If you do, this is most likely a problem with the react-starter package,
23 error not with npm itself.
23 error Tell the author that this fails on your system:
23 error     jest --watch
23 error You can get information on how to open an issue for this project with:
23 error     npm bugs react-starter
23 error Or if that isn't available, you can get their info via:
23 error     npm owner ls react-starter
23 error There is likely additional logging output above.
24 verbose exit [ 1, true ]
